11-Jul-2024 10:21:04.873 정보 [main] org.apache.catalina.startup.VersionLoggerListener.log 서버 버전 이름:    Apache Tomcat/9.0.89
11-Jul-2024 10:21:04.876 정보 [main] org.apache.catalina.startup.VersionLoggerListener.log Server 빌드 시각:  May 3 2024 20:22:11 UTC
11-Jul-2024 10:21:04.876 정보 [main] org.apache.catalina.startup.VersionLoggerListener.log Server 버전 번호:  9.0.89.0
11-Jul-2024 10:21:04.876 정보 [main] org.apache.catalina.startup.VersionLoggerListener.log 운영체제 이름:     Windows 10
11-Jul-2024 10:21:04.876 정보 [main] org.apache.catalina.startup.VersionLoggerListener.log 운영체제 버전:     10.0
11-Jul-2024 10:21:04.876 정보 [main] org.apache.catalina.startup.VersionLoggerListener.log 아키텍처:          amd64
11-Jul-2024 10:21:04.877 정보 [main] org.apache.catalina.startup.VersionLoggerListener.log 자바 홈:           C:\Users\SMHRD\.jdks\corretto-17.0.11
11-Jul-2024 10:21:04.877 정보 [main] org.apache.catalina.startup.VersionLoggerListener.log JVM 버전:          17.0.11+9-LTS
11-Jul-2024 10:21:04.877 정보 [main] org.apache.catalina.startup.VersionLoggerListener.log JVM 벤더:          Amazon.com Inc.
11-Jul-2024 10:21:04.877 정보 [main] org.apache.catalina.startup.VersionLoggerListener.log CATALINA_BASE:     C:\workspace\The-First-Step---IntelliJ\src\main\frontend
11-Jul-2024 10:21:04.877 정보 [main] org.apache.catalina.startup.VersionLoggerListener.log CATALINA_HOME:     C:\workspace\apache-tomcat-9.0.89-windows-x64\apache-tomcat-9.0.89
11-Jul-2024 10:21:04.883 정보 [main] org.apache.catalina.startup.VersionLoggerListener.log 명령 행 아규먼트:  --add-opens=java.base/java.lang=ALL-UNNAMED
11-Jul-2024 10:21:04.883 정보 [main] org.apache.catalina.startup.VersionLoggerListener.log 명령 행 아규먼트:  --add-opens=java.base/java.io=ALL-UNNAMED
11-Jul-2024 10:21:04.883 정보 [main] org.apache.catalina.startup.VersionLoggerListener.log 명령 행 아규먼트:  --add-opens=java.base/java.util=ALL-UNNAMED
11-Jul-2024 10:21:04.883 정보 [main] org.apache.catalina.startup.VersionLoggerListener.log 명령 행 아규먼트:  --add-opens=java.base/java.util.concurrent=ALL-UNNAMED
11-Jul-2024 10:21:04.883 정보 [main] org.apache.catalina.startup.VersionLoggerListener.log 명령 행 아규먼트:  --add-opens=java.rmi/sun.rmi.transport=ALL-UNNAMED
11-Jul-2024 10:21:04.883 정보 [main] org.apache.catalina.startup.VersionLoggerListener.log 명령 행 아규먼트:  -Dcatalina.home=C:\workspace\apache-tomcat-9.0.89-windows-x64\apache-tomcat-9.0.89
11-Jul-2024 10:21:04.883 정보 [main] org.apache.catalina.startup.VersionLoggerListener.log 명령 행 아규먼트:  -Dcatalina.base=C:\workspace\The-First-Step---IntelliJ\src\main\frontend
11-Jul-2024 10:21:04.883 정보 [main] org.apache.catalina.startup.VersionLoggerListener.log 명령 행 아규먼트:  -Djava.io.tmpdir=C:\workspace\The-First-Step---IntelliJ\src\main\frontend\temp
11-Jul-2024 10:21:04.884 정보 [main] org.apache.catalina.startup.VersionLoggerListener.log 명령 행 아규먼트:  -Djava.util.logging.config.file=C:\workspace\The-First-Step---IntelliJ\src\main\frontend\conf\logging.properties
11-Jul-2024 10:21:04.884 정보 [main] org.apache.catalina.startup.VersionLoggerListener.log 명령 행 아규먼트:  -Djava.util.logging.manager=org.apache.juli.ClassLoaderLogManager
11-Jul-2024 10:21:04.884 정보 [main] org.apache.catalina.startup.VersionLoggerListener.log 명령 행 아규먼트:  -javaagent:C:\Program Files\JetBrains\IntelliJ IDEA Community Edition 2024.1.1\lib\idea_rt.jar=52096:C:\Program Files\JetBrains\IntelliJ IDEA Community Edition 2024.1.1\bin
11-Jul-2024 10:21:04.884 정보 [main] org.apache.catalina.startup.VersionLoggerListener.log 명령 행 아규먼트:  -Dfile.encoding=UTF-8
11-Jul-2024 10:21:04.943 정보 [main] org.apache.catalina.core.AprLifecycleListener.lifecycleEvent APR 버전 [1.7.4]을(를) 사용한, APR 기반 Apache Tomcat Native 라이브러리 [1.3.0]을(를) 로드했습니다.
11-Jul-2024 10:21:04.943 정보 [main] org.apache.catalina.core.AprLifecycleListener.lifecycleEvent APR 용량정보들: IPv6 [true], sendfile [true], accept filters [false], random [true], UDS [true].
11-Jul-2024 10:21:04.943 정보 [main] org.apache.catalina.core.AprLifecycleListener.lifecycleEvent APR/OpenSSL 설정: useAprConnector [false], useOpenSSL [true]
11-Jul-2024 10:21:04.967 정보 [main] org.apache.catalina.core.AprLifecycleListener.initializeSSL OpenSSL이 성공적으로 초기화되었습니다: [OpenSSL 3.0.13 30 Jan 2024]
11-Jul-2024 10:21:05.160 정보 [main] org.apache.coyote.AbstractProtocol.init 프로토콜 핸들러 ["http-nio-8081"]을(를) 초기화합니다.
11-Jul-2024 10:21:05.175 정보 [main] org.apache.catalina.startup.Catalina.load [466] 밀리초 내에 서버가 초기화되었습니다.
11-Jul-2024 10:21:05.216 정보 [main] org.apache.catalina.core.StandardService.startInternal 서비스 [Catalina]을(를) 시작합니다.
11-Jul-2024 10:21:05.216 정보 [main] org.apache.catalina.core.StandardEngine.startInternal 서버 엔진을 시작합니다: [Apache Tomcat/9.0.89]
11-Jul-2024 10:21:05.224 정보 [main] org.apache.catalina.startup.HostConfig.deployDescriptor 배치 descriptor [C:\workspace\The-First-Step---IntelliJ\src\main\frontend\conf\Catalina\localhost\main.xml]을(를) 배치합니다.
11-Jul-2024 10:21:05.618 경고 [main] org.apache.tomcat.util.descriptor.web.WebXml.setVersion 알 수 없는 버전 문자열 [5.0]. 기본 버전이 사용될 것입니다.
11-Jul-2024 10:21:05.624 경고 [main] org.apache.tomcat.util.descriptor.web.WebXml.setVersion 알 수 없는 버전 문자열 [6.0]. 기본 버전이 사용될 것입니다.
11-Jul-2024 10:21:05.656 경고 [main] org.apache.tomcat.util.descriptor.web.WebXml.setVersion 알 수 없는 버전 문자열 [6.0]. 기본 버전이 사용될 것입니다.
11-Jul-2024 10:21:10.493 정보 [main] org.apache.jasper.servlet.TldScanner.scanJars 적어도 하나의 JAR가 TLD들을 찾기 위해 스캔되었으나 아무 것도 찾지 못했습니다. 스캔했으나 TLD가 없는 JAR들의 전체 목록을 보시려면, 로그 레벨을 디버그 레벨로 설정하십시오. 스캔 과정에서 불필요한 JAR들을 건너뛰면, 시스템 시작 시간과 JSP 컴파일 시간을 단축시킬 수 있습니다.
11-Jul-2024 10:21:10.573 정보 [main] org.apache.catalina.startup.HostConfig.deployDescriptor 배치 descriptor [C:\workspace\The-First-Step---IntelliJ\src\main\frontend\conf\Catalina\localhost\main.xml]의 배치가 [5,347] 밀리초 내에 완료되었습니다.
11-Jul-2024 10:21:10.576 정보 [main] org.apache.coyote.AbstractProtocol.start 프로토콜 핸들러 ["http-nio-8081"]을(를) 시작합니다.
11-Jul-2024 10:21:10.623 정보 [main] org.apache.catalina.startup.Catalina.start 서버가 [5448] 밀리초 내에 시작되었습니다.
11-Jul-2024 10:21:13.769 정보 [http-nio-8081-exec-1] org.apache.tomcat.util.http.parser.Cookie.logInvalidHeader 유효하지 않은 쿠키가 포함된 쿠키 헤더 [g_state={"i_l":0};]을(를) 받았습니다. 이 쿠키는 무시될 것입니다.
 비고: 이 오류가 더 발생하는 경우 DEBUG 레벨 로그로 기록될 것입니다.
11-Jul-2024 10:30:52.968 정보 [Thread-1] org.apache.coyote.AbstractProtocol.pause 프로토콜 핸들러 ["http-nio-8081"]을(를) 일시 정지 중
11-Jul-2024 10:30:52.976 정보 [Thread-1] org.apache.catalina.core.StandardService.stopInternal 서비스 [Catalina]을(를) 중지시킵니다.
11-Jul-2024 10:30:52.985 정보 [Thread-1] org.apache.coyote.AbstractProtocol.stop 프로토콜 핸들러 ["http-nio-8081"]을(를) 중지시킵니다.
11-Jul-2024 10:30:52.989 정보 [Thread-1] org.apache.coyote.AbstractProtocol.destroy 프로토콜 핸들러 ["http-nio-8081"]을(를) 소멸시킵니다.
11-Jul-2024 10:31:13.434 정보 [main] org.apache.catalina.startup.VersionLoggerListener.log 서버 버전 이름:    Apache Tomcat/9.0.89
11-Jul-2024 10:31:13.436 정보 [main] org.apache.catalina.startup.VersionLoggerListener.log Server 빌드 시각:  May 3 2024 20:22:11 UTC
11-Jul-2024 10:31:13.436 정보 [main] org.apache.catalina.startup.VersionLoggerListener.log Server 버전 번호:  9.0.89.0
11-Jul-2024 10:31:13.436 정보 [main] org.apache.catalina.startup.VersionLoggerListener.log 운영체제 이름:     Windows 10
11-Jul-2024 10:31:13.437 정보 [main] org.apache.catalina.startup.VersionLoggerListener.log 운영체제 버전:     10.0
11-Jul-2024 10:31:13.437 정보 [main] org.apache.catalina.startup.VersionLoggerListener.log 아키텍처:          amd64
11-Jul-2024 10:31:13.437 정보 [main] org.apache.catalina.startup.VersionLoggerListener.log 자바 홈:           C:\Users\SMHRD\.jdks\corretto-17.0.11
11-Jul-2024 10:31:13.437 정보 [main] org.apache.catalina.startup.VersionLoggerListener.log JVM 버전:          17.0.11+9-LTS
11-Jul-2024 10:31:13.437 정보 [main] org.apache.catalina.startup.VersionLoggerListener.log JVM 벤더:          Amazon.com Inc.
11-Jul-2024 10:31:13.437 정보 [main] org.apache.catalina.startup.VersionLoggerListener.log CATALINA_BASE:     C:\workspace\The-First-Step---IntelliJ\src\main\frontend
11-Jul-2024 10:31:13.437 정보 [main] org.apache.catalina.startup.VersionLoggerListener.log CATALINA_HOME:     C:\workspace\apache-tomcat-9.0.89-windows-x64\apache-tomcat-9.0.89
11-Jul-2024 10:31:13.446 정보 [main] org.apache.catalina.startup.VersionLoggerListener.log 명령 행 아규먼트:  --add-opens=java.base/java.lang=ALL-UNNAMED
11-Jul-2024 10:31:13.446 정보 [main] org.apache.catalina.startup.VersionLoggerListener.log 명령 행 아규먼트:  --add-opens=java.base/java.io=ALL-UNNAMED
11-Jul-2024 10:31:13.446 정보 [main] org.apache.catalina.startup.VersionLoggerListener.log 명령 행 아규먼트:  --add-opens=java.base/java.util=ALL-UNNAMED
11-Jul-2024 10:31:13.446 정보 [main] org.apache.catalina.startup.VersionLoggerListener.log 명령 행 아규먼트:  --add-opens=java.base/java.util.concurrent=ALL-UNNAMED
11-Jul-2024 10:31:13.446 정보 [main] org.apache.catalina.startup.VersionLoggerListener.log 명령 행 아규먼트:  --add-opens=java.rmi/sun.rmi.transport=ALL-UNNAMED
11-Jul-2024 10:31:13.446 정보 [main] org.apache.catalina.startup.VersionLoggerListener.log 명령 행 아규먼트:  -Dcatalina.home=C:\workspace\apache-tomcat-9.0.89-windows-x64\apache-tomcat-9.0.89
11-Jul-2024 10:31:13.446 정보 [main] org.apache.catalina.startup.VersionLoggerListener.log 명령 행 아규먼트:  -Dcatalina.base=C:\workspace\The-First-Step---IntelliJ\src\main\frontend
11-Jul-2024 10:31:13.447 정보 [main] org.apache.catalina.startup.VersionLoggerListener.log 명령 행 아규먼트:  -Djava.io.tmpdir=C:\workspace\The-First-Step---IntelliJ\src\main\frontend\temp
11-Jul-2024 10:31:13.447 정보 [main] org.apache.catalina.startup.VersionLoggerListener.log 명령 행 아규먼트:  -Djava.util.logging.config.file=C:\workspace\The-First-Step---IntelliJ\src\main\frontend\conf\logging.properties
11-Jul-2024 10:31:13.447 정보 [main] org.apache.catalina.startup.VersionLoggerListener.log 명령 행 아규먼트:  -Djava.util.logging.manager=org.apache.juli.ClassLoaderLogManager
11-Jul-2024 10:31:13.447 정보 [main] org.apache.catalina.startup.VersionLoggerListener.log 명령 행 아규먼트:  -javaagent:C:\Program Files\JetBrains\IntelliJ IDEA Community Edition 2024.1.1\lib\idea_rt.jar=52199:C:\Program Files\JetBrains\IntelliJ IDEA Community Edition 2024.1.1\bin
11-Jul-2024 10:31:13.447 정보 [main] org.apache.catalina.startup.VersionLoggerListener.log 명령 행 아규먼트:  -Dfile.encoding=UTF-8
11-Jul-2024 10:31:13.451 정보 [main] org.apache.catalina.core.AprLifecycleListener.lifecycleEvent APR 버전 [1.7.4]을(를) 사용한, APR 기반 Apache Tomcat Native 라이브러리 [1.3.0]을(를) 로드했습니다.
11-Jul-2024 10:31:13.451 정보 [main] org.apache.catalina.core.AprLifecycleListener.lifecycleEvent APR 용량정보들: IPv6 [true], sendfile [true], accept filters [false], random [true], UDS [true].
11-Jul-2024 10:31:13.451 정보 [main] org.apache.catalina.core.AprLifecycleListener.lifecycleEvent APR/OpenSSL 설정: useAprConnector [false], useOpenSSL [true]
11-Jul-2024 10:31:13.459 정보 [main] org.apache.catalina.core.AprLifecycleListener.initializeSSL OpenSSL이 성공적으로 초기화되었습니다: [OpenSSL 3.0.13 30 Jan 2024]
11-Jul-2024 10:31:13.663 정보 [main] org.apache.coyote.AbstractProtocol.init 프로토콜 핸들러 ["http-nio-8081"]을(를) 초기화합니다.
11-Jul-2024 10:31:13.684 정보 [main] org.apache.catalina.startup.Catalina.load [443] 밀리초 내에 서버가 초기화되었습니다.
11-Jul-2024 10:31:13.752 정보 [main] org.apache.catalina.core.StandardService.startInternal 서비스 [Catalina]을(를) 시작합니다.
11-Jul-2024 10:31:13.752 정보 [main] org.apache.catalina.core.StandardEngine.startInternal 서버 엔진을 시작합니다: [Apache Tomcat/9.0.89]
11-Jul-2024 10:31:13.762 정보 [main] org.apache.catalina.startup.HostConfig.deployDescriptor 배치 descriptor [C:\workspace\The-First-Step---IntelliJ\src\main\frontend\conf\Catalina\localhost\ROOT.xml]을(를) 배치합니다.
11-Jul-2024 10:31:14.261 경고 [main] org.apache.tomcat.util.descriptor.web.WebXml.setVersion 알 수 없는 버전 문자열 [5.0]. 기본 버전이 사용될 것입니다.
11-Jul-2024 10:31:14.267 경고 [main] org.apache.tomcat.util.descriptor.web.WebXml.setVersion 알 수 없는 버전 문자열 [6.0]. 기본 버전이 사용될 것입니다.
11-Jul-2024 10:31:14.301 경고 [main] org.apache.tomcat.util.descriptor.web.WebXml.setVersion 알 수 없는 버전 문자열 [6.0]. 기본 버전이 사용될 것입니다.
11-Jul-2024 10:31:19.405 정보 [main] org.apache.jasper.servlet.TldScanner.scanJars 적어도 하나의 JAR가 TLD들을 찾기 위해 스캔되었으나 아무 것도 찾지 못했습니다. 스캔했으나 TLD가 없는 JAR들의 전체 목록을 보시려면, 로그 레벨을 디버그 레벨로 설정하십시오. 스캔 과정에서 불필요한 JAR들을 건너뛰면, 시스템 시작 시간과 JSP 컴파일 시간을 단축시킬 수 있습니다.
11-Jul-2024 10:31:19.484 정보 [main] org.apache.catalina.startup.HostConfig.deployDescriptor 배치 descriptor [C:\workspace\The-First-Step---IntelliJ\src\main\frontend\conf\Catalina\localhost\ROOT.xml]의 배치가 [5,721] 밀리초 내에 완료되었습니다.
11-Jul-2024 10:31:19.487 정보 [main] org.apache.coyote.AbstractProtocol.start 프로토콜 핸들러 ["http-nio-8081"]을(를) 시작합니다.
11-Jul-2024 10:31:19.534 정보 [main] org.apache.catalina.startup.Catalina.start 서버가 [5850] 밀리초 내에 시작되었습니다.
11-Jul-2024 10:31:24.374 정보 [http-nio-8081-exec-1] org.apache.tomcat.util.http.parser.Cookie.logInvalidHeader 유효하지 않은 쿠키가 포함된 쿠키 헤더 [g_state={"i_l":0};]을(를) 받았습니다. 이 쿠키는 무시될 것입니다.
 비고: 이 오류가 더 발생하는 경우 DEBUG 레벨 로그로 기록될 것입니다.
11-Jul-2024 10:35:13.733 정보 [main] org.apache.catalina.startup.VersionLoggerListener.log 서버 버전 이름:    Apache Tomcat/9.0.89
11-Jul-2024 10:35:13.736 정보 [main] org.apache.catalina.startup.VersionLoggerListener.log Server 빌드 시각:  May 3 2024 20:22:11 UTC
11-Jul-2024 10:35:13.736 정보 [main] org.apache.catalina.startup.VersionLoggerListener.log Server 버전 번호:  9.0.89.0
11-Jul-2024 10:35:13.736 정보 [main] org.apache.catalina.startup.VersionLoggerListener.log 운영체제 이름:     Windows 10
11-Jul-2024 10:35:13.736 정보 [main] org.apache.catalina.startup.VersionLoggerListener.log 운영체제 버전:     10.0
11-Jul-2024 10:35:13.736 정보 [main] org.apache.catalina.startup.VersionLoggerListener.log 아키텍처:          amd64
11-Jul-2024 10:35:13.736 정보 [main] org.apache.catalina.startup.VersionLoggerListener.log 자바 홈:           C:\Users\SMHRD\.jdks\corretto-17.0.11
11-Jul-2024 10:35:13.736 정보 [main] org.apache.catalina.startup.VersionLoggerListener.log JVM 버전:          17.0.11+9-LTS
11-Jul-2024 10:35:13.736 정보 [main] org.apache.catalina.startup.VersionLoggerListener.log JVM 벤더:          Amazon.com Inc.
11-Jul-2024 10:35:13.736 정보 [main] org.apache.catalina.startup.VersionLoggerListener.log CATALINA_BASE:     C:\workspace\The-First-Step---IntelliJ\src\main\frontend
11-Jul-2024 10:35:13.736 정보 [main] org.apache.catalina.startup.VersionLoggerListener.log CATALINA_HOME:     C:\workspace\apache-tomcat-9.0.89-windows-x64\apache-tomcat-9.0.89
11-Jul-2024 10:35:13.743 정보 [main] org.apache.catalina.startup.VersionLoggerListener.log 명령 행 아규먼트:  --add-opens=java.base/java.lang=ALL-UNNAMED
11-Jul-2024 10:35:13.744 정보 [main] org.apache.catalina.startup.VersionLoggerListener.log 명령 행 아규먼트:  --add-opens=java.base/java.io=ALL-UNNAMED
11-Jul-2024 10:35:13.744 정보 [main] org.apache.catalina.startup.VersionLoggerListener.log 명령 행 아규먼트:  --add-opens=java.base/java.util=ALL-UNNAMED
11-Jul-2024 10:35:13.744 정보 [main] org.apache.catalina.startup.VersionLoggerListener.log 명령 행 아규먼트:  --add-opens=java.base/java.util.concurrent=ALL-UNNAMED
11-Jul-2024 10:35:13.744 정보 [main] org.apache.catalina.startup.VersionLoggerListener.log 명령 행 아규먼트:  --add-opens=java.rmi/sun.rmi.transport=ALL-UNNAMED
11-Jul-2024 10:35:13.744 정보 [main] org.apache.catalina.startup.VersionLoggerListener.log 명령 행 아규먼트:  -Dcatalina.home=C:\workspace\apache-tomcat-9.0.89-windows-x64\apache-tomcat-9.0.89
11-Jul-2024 10:35:13.744 정보 [main] org.apache.catalina.startup.VersionLoggerListener.log 명령 행 아규먼트:  -Dcatalina.base=C:\workspace\The-First-Step---IntelliJ\src\main\frontend
11-Jul-2024 10:35:13.744 정보 [main] org.apache.catalina.startup.VersionLoggerListener.log 명령 행 아규먼트:  -Djava.io.tmpdir=C:\workspace\The-First-Step---IntelliJ\src\main\frontend\temp
11-Jul-2024 10:35:13.744 정보 [main] org.apache.catalina.startup.VersionLoggerListener.log 명령 행 아규먼트:  -Djava.util.logging.config.file=C:\workspace\The-First-Step---IntelliJ\src\main\frontend\conf\logging.properties
11-Jul-2024 10:35:13.744 정보 [main] org.apache.catalina.startup.VersionLoggerListener.log 명령 행 아규먼트:  -Djava.util.logging.manager=org.apache.juli.ClassLoaderLogManager
11-Jul-2024 10:35:13.745 정보 [main] org.apache.catalina.startup.VersionLoggerListener.log 명령 행 아규먼트:  -javaagent:C:\Program Files\JetBrains\IntelliJ IDEA Community Edition 2024.1.1\lib\idea_rt.jar=52391:C:\Program Files\JetBrains\IntelliJ IDEA Community Edition 2024.1.1\bin
11-Jul-2024 10:35:13.745 정보 [main] org.apache.catalina.startup.VersionLoggerListener.log 명령 행 아규먼트:  -Dfile.encoding=UTF-8
11-Jul-2024 10:35:13.747 정보 [main] org.apache.catalina.core.AprLifecycleListener.lifecycleEvent APR 버전 [1.7.4]을(를) 사용한, APR 기반 Apache Tomcat Native 라이브러리 [1.3.0]을(를) 로드했습니다.
11-Jul-2024 10:35:13.748 정보 [main] org.apache.catalina.core.AprLifecycleListener.lifecycleEvent APR 용량정보들: IPv6 [true], sendfile [true], accept filters [false], random [true], UDS [true].
11-Jul-2024 10:35:13.748 정보 [main] org.apache.catalina.core.AprLifecycleListener.lifecycleEvent APR/OpenSSL 설정: useAprConnector [false], useOpenSSL [true]
11-Jul-2024 10:35:13.754 정보 [main] org.apache.catalina.core.AprLifecycleListener.initializeSSL OpenSSL이 성공적으로 초기화되었습니다: [OpenSSL 3.0.13 30 Jan 2024]
11-Jul-2024 10:35:13.911 정보 [main] org.apache.coyote.AbstractProtocol.init 프로토콜 핸들러 ["http-nio-8081"]을(를) 초기화합니다.
11-Jul-2024 10:35:13.927 심각 [main] org.apache.catalina.util.LifecycleBase.handleSubClassException 구성요소 [Connector["http-nio-8081"]]을(를) 초기화하지 못했습니다.
	org.apache.catalina.LifecycleException: 프로토콜 핸들러 초기화가 실패했습니다.
		at org.apache.catalina.connector.Connector.initInternal(Connector.java:1012)
		at org.apache.catalina.util.LifecycleBase.init(LifecycleBase.java:127)
		at org.apache.catalina.core.StandardService.initInternal(StandardService.java:525)
		at org.apache.catalina.util.LifecycleBase.init(LifecycleBase.java:127)
		at org.apache.catalina.core.StandardServer.initInternal(StandardServer.java:990)
		at org.apache.catalina.util.LifecycleBase.init(LifecycleBase.java:127)
		at org.apache.catalina.startup.Catalina.load(Catalina.java:686)
		at org.apache.catalina.startup.Catalina.load(Catalina.java:709)
		at java.base/jdk.internal.reflect.NativeMethodAccessorImpl.invoke0(Native Method)
		at java.base/jdk.internal.reflect.NativeMethodAccessorImpl.invoke(NativeMethodAccessorImpl.java:77)
		at java.base/jdk.internal.reflect.DelegatingMethodAccessorImpl.invoke(DelegatingMethodAccessorImpl.java:43)
		at java.base/java.lang.reflect.Method.invoke(Method.java:568)
		at org.apache.catalina.startup.Bootstrap.load(Bootstrap.java:302)
		at org.apache.catalina.startup.Bootstrap.main(Bootstrap.java:472)
	Caused by: java.net.BindException: Address already in use: bind
		at java.base/sun.nio.ch.Net.bind0(Native Method)
		at java.base/sun.nio.ch.Net.bind(Net.java:555)
		at java.base/sun.nio.ch.ServerSocketChannelImpl.netBind(ServerSocketChannelImpl.java:337)
		at java.base/sun.nio.ch.ServerSocketChannelImpl.bind(ServerSocketChannelImpl.java:294)
		at org.apache.tomcat.util.net.NioEndpoint.initServerSocket(NioEndpoint.java:268)
		at org.apache.tomcat.util.net.NioEndpoint.bind(NioEndpoint.java:223)
		at org.apache.tomcat.util.net.AbstractEndpoint.bindWithCleanup(AbstractEndpoint.java:1355)
		at org.apache.tomcat.util.net.AbstractEndpoint.init(AbstractEndpoint.java:1368)
		at org.apache.coyote.AbstractProtocol.init(AbstractProtocol.java:654)
		at org.apache.coyote.http11.AbstractHttp11Protocol.init(AbstractHttp11Protocol.java:75)
		at org.apache.catalina.connector.Connector.initInternal(Connector.java:1010)
		... 13 more
11-Jul-2024 10:35:13.928 정보 [main] org.apache.catalina.startup.Catalina.load [336] 밀리초 내에 서버가 초기화되었습니다.
11-Jul-2024 10:35:13.977 정보 [main] org.apache.catalina.core.StandardService.startInternal 서비스 [Catalina]을(를) 시작합니다.
11-Jul-2024 10:35:13.978 정보 [main] org.apache.catalina.core.StandardEngine.startInternal 서버 엔진을 시작합니다: [Apache Tomcat/9.0.89]
11-Jul-2024 10:35:13.993 정보 [main] org.apache.catalina.startup.HostConfig.deployDescriptor 배치 descriptor [C:\workspace\The-First-Step---IntelliJ\src\main\frontend\conf\Catalina\localhost\ROOT.xml]을(를) 배치합니다.
11-Jul-2024 10:35:14.488 경고 [main] org.apache.tomcat.util.descriptor.web.WebXml.setVersion 알 수 없는 버전 문자열 [5.0]. 기본 버전이 사용될 것입니다.
11-Jul-2024 10:35:14.494 경고 [main] org.apache.tomcat.util.descriptor.web.WebXml.setVersion 알 수 없는 버전 문자열 [6.0]. 기본 버전이 사용될 것입니다.
11-Jul-2024 10:35:14.528 경고 [main] org.apache.tomcat.util.descriptor.web.WebXml.setVersion 알 수 없는 버전 문자열 [6.0]. 기본 버전이 사용될 것입니다.
11-Jul-2024 10:35:19.481 정보 [main] org.apache.jasper.servlet.TldScanner.scanJars 적어도 하나의 JAR가 TLD들을 찾기 위해 스캔되었으나 아무 것도 찾지 못했습니다. 스캔했으나 TLD가 없는 JAR들의 전체 목록을 보시려면, 로그 레벨을 디버그 레벨로 설정하십시오. 스캔 과정에서 불필요한 JAR들을 건너뛰면, 시스템 시작 시간과 JSP 컴파일 시간을 단축시킬 수 있습니다.
11-Jul-2024 10:35:19.568 정보 [main] org.apache.catalina.startup.HostConfig.deployDescriptor 배치 descriptor [C:\workspace\The-First-Step---IntelliJ\src\main\frontend\conf\Catalina\localhost\ROOT.xml]의 배치가 [5,573] 밀리초 내에 완료되었습니다.
11-Jul-2024 10:35:19.571 정보 [main] org.apache.catalina.startup.Catalina.start 서버가 [5642] 밀리초 내에 시작되었습니다.
11-Jul-2024 10:35:19.577 심각 [main] org.apache.catalina.core.StandardServer.await 주소 [localhost]와(과) 포트 [8005]에, 서버 셧다운 소켓을 생성하지 못했습니다. (base 포트 [8005], offset [0])
	java.net.BindException: Address already in use: bind
		at java.base/sun.nio.ch.Net.bind0(Native Method)
		at java.base/sun.nio.ch.Net.bind(Net.java:555)
		at java.base/sun.nio.ch.Net.bind(Net.java:544)
		at java.base/sun.nio.ch.NioSocketImpl.bind(NioSocketImpl.java:648)
		at java.base/java.net.ServerSocket.bind(ServerSocket.java:388)
		at java.base/java.net.ServerSocket.<init>(ServerSocket.java:274)
		at org.apache.catalina.core.StandardServer.await(StandardServer.java:541)
		at org.apache.catalina.startup.Catalina.await(Catalina.java:825)
		at org.apache.catalina.startup.Catalina.start(Catalina.java:773)
		at java.base/jdk.internal.reflect.NativeMethodAccessorImpl.invoke0(Native Method)
		at java.base/jdk.internal.reflect.NativeMethodAccessorImpl.invoke(NativeMethodAccessorImpl.java:77)
		at java.base/jdk.internal.reflect.DelegatingMethodAccessorImpl.invoke(DelegatingMethodAccessorImpl.java:43)
		at java.base/java.lang.reflect.Method.invoke(Method.java:568)
		at org.apache.catalina.startup.Bootstrap.start(Bootstrap.java:345)
		at org.apache.catalina.startup.Bootstrap.main(Bootstrap.java:473)
11-Jul-2024 10:35:19.578 정보 [main] org.apache.coyote.AbstractProtocol.pause 프로토콜 핸들러 ["http-nio-8081"]을(를) 일시 정지 중
11-Jul-2024 10:35:19.578 정보 [main] org.apache.catalina.core.StandardService.stopInternal 서비스 [Catalina]을(를) 중지시킵니다.
11-Jul-2024 10:35:19.583 정보 [main] org.apache.coyote.AbstractProtocol.stop 프로토콜 핸들러 ["http-nio-8081"]을(를) 중지시킵니다.
11-Jul-2024 10:35:19.584 정보 [main] org.apache.coyote.AbstractProtocol.destroy 프로토콜 핸들러 ["http-nio-8081"]을(를) 소멸시킵니다.
11-Jul-2024 10:35:19.747 정보 [Catalina-utility-1] org.apache.catalina.startup.HostConfig.undeploy 컨텍스트 []의 배치를 제거합니다.
11-Jul-2024 10:35:19.756 정보 [Catalina-utility-1] org.apache.catalina.startup.HostConfig.deployDescriptor 배치 descriptor [C:\workspace\The-First-Step---IntelliJ\src\main\frontend\conf\Catalina\localhost\ROOT.xml]을(를) 배치합니다.
11-Jul-2024 10:35:20.038 경고 [Catalina-utility-1] org.apache.tomcat.util.descriptor.web.WebXml.setVersion 알 수 없는 버전 문자열 [5.0]. 기본 버전이 사용될 것입니다.
11-Jul-2024 10:35:20.047 경고 [Catalina-utility-1] org.apache.tomcat.util.descriptor.web.WebXml.setVersion 알 수 없는 버전 문자열 [6.0]. 기본 버전이 사용될 것입니다.
11-Jul-2024 10:35:20.092 경고 [Catalina-utility-1] org.apache.tomcat.util.descriptor.web.WebXml.setVersion 알 수 없는 버전 문자열 [6.0]. 기본 버전이 사용될 것입니다.
11-Jul-2024 10:35:25.059 정보 [Catalina-utility-1] org.apache.jasper.servlet.TldScanner.scanJars 적어도 하나의 JAR가 TLD들을 찾기 위해 스캔되었으나 아무 것도 찾지 못했습니다. 스캔했으나 TLD가 없는 JAR들의 전체 목록을 보시려면, 로그 레벨을 디버그 레벨로 설정하십시오. 스캔 과정에서 불필요한 JAR들을 건너뛰면, 시스템 시작 시간과 JSP 컴파일 시간을 단축시킬 수 있습니다.
11-Jul-2024 10:35:25.074 정보 [Catalina-utility-1] org.apache.catalina.startup.HostConfig.deployDescriptor 배치 descriptor [C:\workspace\The-First-Step---IntelliJ\src\main\frontend\conf\Catalina\localhost\ROOT.xml]의 배치가 [5,318] 밀리초 내에 완료되었습니다.
